Rasa process starting
Restoring parameters from models/nlu/current/intent_classifier_tensorflow_embedding.ckpt
Available web server routes: 
static                                             GET, HEAD, OPTIONS             /static/[filename]
custom_webhook_CmdlineInput.health                 GET, HEAD, OPTIONS             /webhooks/rest/
custom_webhook_CmdlineInput.receive                POST, OPTIONS                  /webhooks/rest/webhook
Rasa Core server is up and running on http://localhost:5005
Creating a new tracker for id 'default'.
Failed to connect to duckling http server. Make sure the duckling server is running and the proper host and port are set in the configuration. More information on how to run the server can be found on github: https://github.com/facebook/duckling#quickstart Error: HTTPConnectionPool(host='localhost', port=8000): Max retries exceeded with url: /parse (Caused by NewConnectionError('<urllib3.connection.HTTPConnection object at 0x128f05128>: Failed to establish a new connection: [Errno 61] Connection refused',))
Received user message 'hi' with intent '{'name': 'greet', 'confidence': 0.9493337869644165}' and entities '[]'
Logged UserUtterance - tracker now has 2 events
Current slot values: 
	cuisine: None
	feedback: None
	num_people: None
	outdoor_seating: None
	preferences: None
	requested_slot: None
Current tracker state [None, None, None, {}, {'prev_action_listen': 1.0, 'intent_greet': 1.0}]
There is a memorised next action '11'
There is no active form
Predicted next action using policy_2_MemoizationPolicy
Predicted next action 'utter_greet' with prob 1.00.
Action 'utter_greet' ended with events '[]'
Bot utterance 'BotUttered(text: Hello! I am restaurant search assistant! How can I help?, data: {
  "elements": null,
  "buttons": null,
  "attachment": null
})'
Current tracker state [None, None, {}, {'prev_action_listen': 1.0, 'intent_greet': 1.0}, {'prev_utter_greet': 1.0, 'intent_greet': 1.0}]
There is a memorised next action '0'
There is no active form
Predicted next action using policy_2_MemoizationPolicy
Predicted next action 'action_listen' with prob 1.00.
Action 'action_listen' ended with events '[]'
Recreating tracker for id 'default'
Failed to connect to duckling http server. Make sure the duckling server is running and the proper host and port are set in the configuration. More information on how to run the server can be found on github: https://github.com/facebook/duckling#quickstart Error: HTTPConnectionPool(host='localhost', port=8000): Max retries exceeded with url: /parse (Caused by NewConnectionError('<urllib3.connection.HTTPConnection object at 0x12905d860>: Failed to establish a new connection: [Errno 61] Connection refused',))
Received user message 'I want chinese food' with intent '{'name': 'inform', 'confidence': 0.9704768061637878}' and entities '[{'start': 7, 'end': 14, 'value': 'chinese', 'entity': 'cuisine', 'confidence': 0.9862550064127735, 'extractor': 'ner_crf'}]'
Logged UserUtterance - tracker now has 6 events
Current slot values: 
	cuisine: None
	feedback: None
	num_people: None
	outdoor_seating: None
	preferences: None
	requested_slot: None
Current tracker state [None, {}, {'prev_action_listen': 1.0, 'intent_greet': 1.0}, {'prev_utter_greet': 1.0, 'intent_greet': 1.0}, {'intent_inform': 1.0, 'entity_cuisine': 1.0, 'prev_action_listen': 1.0}]
There is no memorised next action
There is no active form
Predicted next action using policy_0_KerasPolicy
Predicted next action 'restaurant_form' with prob 0.36.
Calling action endpoint to run action 'restaurant_form'.
Action 'restaurant_form' ended with events '['Form(restaurant_form)', 'SlotSet(key: cuisine, value: chinese)', 'SlotSet(key: requested_slot, value: num_people)']'
Bot utterance 'BotUttered(text: how many people?, data: {
  "elements": null,
  "buttons": null,
  "attachment": null
})'
Current tracker state [None, {}, {'prev_action_listen': 1.0, 'intent_greet': 1.0}, {'prev_utter_greet': 1.0, 'intent_greet': 1.0}, {'intent_inform': 1.0, 'entity_cuisine': 1.0, 'prev_action_listen': 1.0}]
There is no memorised next action
There is an active form 'restaurant_form'
Predicted next action using policy_3_FormPolicy
Predicted next action 'action_listen' with prob 1.00.
Action 'action_listen' ended with events '[]'
Recreating tracker for id 'default'
Failed to connect to duckling http server. Make sure the duckling server is running and the proper host and port are set in the configuration. More information on how to run the server can be found on github: https://github.com/facebook/duckling#quickstart Error: HTTPConnectionPool(host='localhost', port=8000): Max retries exceeded with url: /parse (Caused by NewConnectionError('<urllib3.connection.HTTPConnection object at 0x1291694e0>: Failed to establish a new connection: [Errno 61] Connection refused',))
Received user message '2' with intent '{'name': 'inform', 'confidence': 0.7653006911277771}' and entities '[{'start': 0, 'end': 1, 'value': '2', 'entity': 'num_people', 'confidence': 0.4687247061270045, 'extractor': 'ner_crf'}]'
Logged UserUtterance - tracker now has 13 events
Current slot values: 
	cuisine: chinese
	feedback: None
	num_people: None
	outdoor_seating: None
	preferences: None
	requested_slot: num_people
Current tracker state [None, {}, {'prev_action_listen': 1.0, 'intent_greet': 1.0}, {'prev_utter_greet': 1.0, 'intent_greet': 1.0}, {'intent_inform': 1.0, 'entity_cuisine': 1.0, 'prev_action_listen': 1.0}]
There is no memorised next action
There is an active form 'restaurant_form'
Predicted next action using policy_3_FormPolicy
Predicted next action 'restaurant_form' with prob 1.00.
Calling action endpoint to run action 'restaurant_form'.
Action 'restaurant_form' ended with events '['SlotSet(key: num_people, value: 2)', 'SlotSet(key: requested_slot, value: outdoor_seating)']'
Bot utterance 'BotUttered(text: do you want to seat outside?, data: {
  "elements": null,
  "buttons": null,
  "attachment": null
})'
Current tracker state [None, {}, {'prev_action_listen': 1.0, 'intent_greet': 1.0}, {'prev_utter_greet': 1.0, 'intent_greet': 1.0}, {'intent_inform': 1.0, 'entity_cuisine': 1.0, 'prev_action_listen': 1.0}]
There is no memorised next action
There is an active form 'restaurant_form'
Predicted next action using policy_3_FormPolicy
Predicted next action 'action_listen' with prob 1.00.
Action 'action_listen' ended with events '[]'
Recreating tracker for id 'default'
Failed to connect to duckling http server. Make sure the duckling server is running and the proper host and port are set in the configuration. More information on how to run the server can be found on github: https://github.com/facebook/duckling#quickstart Error: HTTPConnectionPool(host='localhost', port=8000): Max retries exceeded with url: /parse (Caused by NewConnectionError('<urllib3.connection.HTTPConnection object at 0x129265438>: Failed to establish a new connection: [Errno 61] Connection refused',))
Received user message 'no' with intent '{'name': 'deny', 'confidence': 0.9313995838165283}' and entities '[]'
Logged UserUtterance - tracker now has 19 events
Current slot values: 
	cuisine: chinese
	feedback: None
	num_people: 2
	outdoor_seating: None
	preferences: None
	requested_slot: outdoor_seating
Current tracker state [None, {}, {'prev_action_listen': 1.0, 'intent_greet': 1.0}, {'prev_utter_greet': 1.0, 'intent_greet': 1.0}, {'intent_inform': 1.0, 'entity_cuisine': 1.0, 'prev_action_listen': 1.0}]
There is no memorised next action
There is an active form 'restaurant_form'
Predicted next action using policy_3_FormPolicy
Predicted next action 'restaurant_form' with prob 1.00.
Calling action endpoint to run action 'restaurant_form'.
Action 'restaurant_form' ended with events '['SlotSet(key: outdoor_seating, value: False)', 'SlotSet(key: requested_slot, value: preferences)']'
Bot utterance 'BotUttered(text: please provide additional preferences, data: {
  "elements": null,
  "buttons": null,
  "attachment": null
})'
Current tracker state [None, {}, {'prev_action_listen': 1.0, 'intent_greet': 1.0}, {'prev_utter_greet': 1.0, 'intent_greet': 1.0}, {'intent_inform': 1.0, 'entity_cuisine': 1.0, 'prev_action_listen': 1.0}]
There is no memorised next action
There is an active form 'restaurant_form'
Predicted next action using policy_3_FormPolicy
Predicted next action 'action_listen' with prob 1.00.
Action 'action_listen' ended with events '[]'
Recreating tracker for id 'default'
Failed to connect to duckling http server. Make sure the duckling server is running and the proper host and port are set in the configuration. More information on how to run the server can be found on github: https://github.com/facebook/duckling#quickstart Error: HTTPConnectionPool(host='localhost', port=8000): Max retries exceeded with url: /parse (Caused by NewConnectionError('<urllib3.connection.HTTPConnection object at 0x12936b9b0>: Failed to establish a new connection: [Errno 61] Connection refused',))
Received user message 'nothing' with intent '{'name': 'stop', 'confidence': 0.8425674438476562}' and entities '[]'
Logged UserUtterance - tracker now has 25 events
Current slot values: 
	cuisine: chinese
	feedback: None
	num_people: 2
	outdoor_seating: False
	preferences: None
	requested_slot: preferences
Current tracker state [None, {}, {'prev_action_listen': 1.0, 'intent_greet': 1.0}, {'prev_utter_greet': 1.0, 'intent_greet': 1.0}, {'intent_inform': 1.0, 'entity_cuisine': 1.0, 'prev_action_listen': 1.0}]
There is no memorised next action
There is an active form 'restaurant_form'
Predicted next action using policy_3_FormPolicy
Predicted next action 'restaurant_form' with prob 1.00.
Calling action endpoint to run action 'restaurant_form'.
Action 'restaurant_form' ended with events '['SlotSet(key: preferences, value: nothing)', 'SlotSet(key: requested_slot, value: feedback)']'
Bot utterance 'BotUttered(text: please give your feedback on your experience so far, data: {
  "elements": null,
  "buttons": null,
  "attachment": null
})'
Current tracker state [None, {}, {'prev_action_listen': 1.0, 'intent_greet': 1.0}, {'prev_utter_greet': 1.0, 'intent_greet': 1.0}, {'intent_inform': 1.0, 'entity_cuisine': 1.0, 'prev_action_listen': 1.0}]
There is no memorised next action
There is an active form 'restaurant_form'
Predicted next action using policy_3_FormPolicy
Predicted next action 'action_listen' with prob 1.00.
Action 'action_listen' ended with events '[]'
Recreating tracker for id 'default'
Failed to connect to duckling http server. Make sure the duckling server is running and the proper host and port are set in the configuration. More information on how to run the server can be found on github: https://github.com/facebook/duckling#quickstart Error: HTTPConnectionPool(host='localhost', port=8000): Max retries exceeded with url: /parse (Caused by NewConnectionError('<urllib3.connection.HTTPConnection object at 0x129466320>: Failed to establish a new connection: [Errno 61] Connection refused',))
Received user message 'great' with intent '{'name': 'inform', 'confidence': 0.6171940565109253}' and entities '[]'
Logged UserUtterance - tracker now has 31 events
Current slot values: 
	cuisine: chinese
	feedback: None
	num_people: 2
	outdoor_seating: False
	preferences: nothing
	requested_slot: feedback
Current tracker state [None, {}, {'prev_action_listen': 1.0, 'intent_greet': 1.0}, {'prev_utter_greet': 1.0, 'intent_greet': 1.0}, {'intent_inform': 1.0, 'entity_cuisine': 1.0, 'prev_action_listen': 1.0}]
There is no memorised next action
There is an active form 'restaurant_form'
Predicted next action using policy_3_FormPolicy
Predicted next action 'restaurant_form' with prob 1.00.
Calling action endpoint to run action 'restaurant_form'.
Action 'restaurant_form' ended with events '['SlotSet(key: feedback, value: great)', 'Form(None)', 'SlotSet(key: requested_slot, value: None)']'
Bot utterance 'BotUttered(text: All done!, data: {
  "elements": null,
  "buttons": null,
  "attachment": null
})'
Current tracker state [{}, {'prev_action_listen': 1.0, 'intent_greet': 1.0}, {'prev_utter_greet': 1.0, 'intent_greet': 1.0}, {'intent_inform': 1.0, 'entity_cuisine': 1.0, 'prev_action_listen': 1.0}, {'intent_inform': 1.0, 'entity_cuisine': 1.0, 'prev_restaurant_form': 1.0}]
There is no memorised next action
There is no active form
Predicted next action using policy_0_KerasPolicy
Predicted next action 'utter_slots_values' with prob 0.52.
Action 'utter_slots_values' ended with events '[]'
Bot utterance 'BotUttered(text: I am going to run a restaurant search using the following parameters:
 - cuisine: chinese
 - num_people: 2
 - outdoor_seating: False
 - preferences: nothing
 - feedback: great, data: {
  "elements": null,
  "buttons": null,
  "attachment": null
})'
Current tracker state [{'prev_action_listen': 1.0, 'intent_greet': 1.0}, {'prev_utter_greet': 1.0, 'intent_greet': 1.0}, {'intent_inform': 1.0, 'entity_cuisine': 1.0, 'prev_action_listen': 1.0}, {'intent_inform': 1.0, 'entity_cuisine': 1.0, 'prev_restaurant_form': 1.0}, {'prev_utter_slots_values': 1.0, 'intent_inform': 1.0, 'entity_cuisine': 1.0}]
There is no memorised next action
There is no active form
Predicted next action using policy_0_KerasPolicy
Predicted next action 'action_listen' with prob 0.42.
Action 'action_listen' ended with events '[]'
Rasa process starting
Restoring parameters from models/nlu/current/intent_classifier_tensorflow_embedding.ckpt
Available web server routes: 
static                                             GET, OPTIONS, HEAD             /static/[filename]
custom_webhook_CmdlineInput.health                 GET, OPTIONS, HEAD             /webhooks/rest/
custom_webhook_CmdlineInput.receive                POST, OPTIONS                  /webhooks/rest/webhook
Rasa Core server is up and running on http://localhost:5005
Creating a new tracker for id 'default'.
Failed to connect to duckling http server. Make sure the duckling server is running and the proper host and port are set in the configuration. More information on how to run the server can be found on github: https://github.com/facebook/duckling#quickstart Error: HTTPConnectionPool(host='localhost', port=8000): Max retries exceeded with url: /parse (Caused by NewConnectionError('<urllib3.connection.HTTPConnection object at 0x1334987f0>: Failed to establish a new connection: [Errno 61] Connection refused',))
Received user message 'test action' with intent '{'name': 'test_action', 'confidence': 0.9333688020706177}' and entities '[]'
Logged UserUtterance - tracker now has 2 events
Current slot values: 
	COLOR_LIST: None
	cuisine: None
	feedback: None
	num_people: None
	outdoor_seating: None
	preferences: None
	requested_slot: None
Feature 'intent_test_action' (value: '1.0') could not be found in feature map. Make sure you added all intents and entities to the domain
Current tracker state [None, None, None, {}, {'prev_action_listen': 1.0, 'intent_test_action': 1.0}]
There is a memorised next action '13'
There is no active form
Predicted next action using policy_2_MemoizationPolicy
Predicted next action 'action_list_colors' with prob 1.00.
Calling action endpoint to run action 'action_list_colors'.
Action 'action_list_colors' ended with events '["SlotSet(key: COLOR_LIST, value: ['white', 'red', 'black'])"]'
Feature 'intent_test_action' (value: '1.0') could not be found in feature map. Make sure you added all intents and entities to the domain
Feature 'intent_test_action' (value: '1.0') could not be found in feature map. Make sure you added all intents and entities to the domain
Current tracker state [None, None, {}, {'prev_action_listen': 1.0, 'intent_test_action': 1.0}, {'prev_action_list_colors': 1.0, 'intent_test_action': 1.0}]
There is a memorised next action '12'
There is no active form
Predicted next action using policy_2_MemoizationPolicy
Predicted next action 'utter_list_colors' with prob 1.00.
Action 'utter_list_colors' ended with events '[]'
Bot utterance 'BotUttered(text: Test ['white', 'red', 'black'], data: {
  "elements": null,
  "buttons": null,
  "attachment": null
})'
Feature 'intent_test_action' (value: '1.0') could not be found in feature map. Make sure you added all intents and entities to the domain
Feature 'intent_test_action' (value: '1.0') could not be found in feature map. Make sure you added all intents and entities to the domain
Feature 'intent_test_action' (value: '1.0') could not be found in feature map. Make sure you added all intents and entities to the domain
Current tracker state [None, {}, {'prev_action_listen': 1.0, 'intent_test_action': 1.0}, {'prev_action_list_colors': 1.0, 'intent_test_action': 1.0}, {'intent_test_action': 1.0, 'prev_utter_list_colors': 1.0}]
There is a memorised next action '0'
There is no active form
Predicted next action using policy_2_MemoizationPolicy
Predicted next action 'action_listen' with prob 1.00.
Action 'action_listen' ended with events '[]'
Rasa process starting
Restoring parameters from models/nlu/current/intent_classifier_tensorflow_embedding.ckpt
Available web server routes: 
static                                             HEAD, OPTIONS, GET             /static/[filename]
custom_webhook_CmdlineInput.health                 HEAD, OPTIONS, GET             /webhooks/rest/
custom_webhook_CmdlineInput.receive                OPTIONS, POST                  /webhooks/rest/webhook
Rasa Core server is up and running on http://localhost:5005
Creating a new tracker for id 'default'.
Failed to connect to duckling http server. Make sure the duckling server is running and the proper host and port are set in the configuration. More information on how to run the server can be found on github: https://github.com/facebook/duckling#quickstart Error: HTTPConnectionPool(host='localhost', port=8000): Max retries exceeded with url: /parse (Caused by NewConnectionError('<urllib3.connection.HTTPConnection object at 0x12d368240>: Failed to establish a new connection: [Errno 61] Connection refused',))
Received user message 'hi' with intent '{'name': 'greet', 'confidence': 0.9406648278236389}' and entities '[]'
Logged UserUtterance - tracker now has 2 events
Current slot values: 
	COLOR_LIST: None
	cuisine: None
	feedback: None
	num_people: None
	outdoor_seating: None
	preferences: None
	requested_slot: None
Current tracker state [None, None, None, {}, {'prev_action_listen': 1.0, 'intent_greet': 1.0}]
There is a memorised next action '11'
There is no active form
Predicted next action using policy_2_MemoizationPolicy
Predicted next action 'utter_greet' with prob 1.00.
Action 'utter_greet' ended with events '[]'
Bot utterance 'BotUttered(text: Hello! I am restaurant search assistant! How can I help?, data: {
  "elements": null,
  "buttons": null,
  "attachment": null
})'
Current tracker state [None, None, {}, {'prev_action_listen': 1.0, 'intent_greet': 1.0}, {'prev_utter_greet': 1.0, 'intent_greet': 1.0}]
There is a memorised next action '0'
There is no active form
Predicted next action using policy_2_MemoizationPolicy
Predicted next action 'action_listen' with prob 1.00.
Action 'action_listen' ended with events '[]'
Recreating tracker for id 'default'
Failed to connect to duckling http server. Make sure the duckling server is running and the proper host and port are set in the configuration. More information on how to run the server can be found on github: https://github.com/facebook/duckling#quickstart Error: HTTPConnectionPool(host='localhost', port=8000): Max retries exceeded with url: /parse (Caused by NewConnectionError('<urllib3.connection.HTTPConnection object at 0x12d49fe48>: Failed to establish a new connection: [Errno 61] Connection refused',))
Received user message 'id like restaurant' with intent '{'name': 'request_restaurant', 'confidence': 0.921208918094635}' and entities '[]'
Logged UserUtterance - tracker now has 6 events
Current slot values: 
	COLOR_LIST: None
	cuisine: None
	feedback: None
	num_people: None
	outdoor_seating: None
	preferences: None
	requested_slot: None
Current tracker state [None, {}, {'prev_action_listen': 1.0, 'intent_greet': 1.0}, {'prev_utter_greet': 1.0, 'intent_greet': 1.0}, {'intent_request_restaurant': 1.0, 'prev_action_listen': 1.0}]
There is a memorised next action '14'
There is no active form
Predicted next action using policy_2_MemoizationPolicy
Predicted next action 'restaurant_form' with prob 1.00.
Calling action endpoint to run action 'restaurant_form'.
Action 'restaurant_form' ended with events '['Form(restaurant_form)', 'SlotSet(key: requested_slot, value: cuisine)']'
Bot utterance 'BotUttered(text: what cuisine?, data: {
  "elements": null,
  "buttons": null,
  "attachment": null
})'
Current tracker state [None, {}, {'prev_action_listen': 1.0, 'intent_greet': 1.0}, {'prev_utter_greet': 1.0, 'intent_greet': 1.0}, {'intent_request_restaurant': 1.0, 'prev_action_listen': 1.0}]
There is a memorised next action '14'
There is an active form 'restaurant_form'
Predicted next action using policy_3_FormPolicy
Predicted next action 'action_listen' with prob 1.00.
Action 'action_listen' ended with events '[]'
Recreating tracker for id 'default'
Failed to connect to duckling http server. Make sure the duckling server is running and the proper host and port are set in the configuration. More information on how to run the server can be found on github: https://github.com/facebook/duckling#quickstart Error: HTTPConnectionPool(host='localhost', port=8000): Max retries exceeded with url: /parse (Caused by NewConnectionError('<urllib3.connection.HTTPConnection object at 0x12d5cc198>: Failed to establish a new connection: [Errno 61] Connection refused',))
Received user message 'chinese' with intent '{'name': 'inform', 'confidence': 0.956990122795105}' and entities '[{'start': 0, 'end': 7, 'value': 'chinese', 'entity': 'cuisine', 'confidence': 0.7139131970150171, 'extractor': 'ner_crf'}]'
Logged UserUtterance - tracker now has 12 events
Current slot values: 
	COLOR_LIST: None
	cuisine: None
	feedback: None
	num_people: None
	outdoor_seating: None
	preferences: None
	requested_slot: cuisine
Current tracker state [None, {}, {'prev_action_listen': 1.0, 'intent_greet': 1.0}, {'prev_utter_greet': 1.0, 'intent_greet': 1.0}, {'intent_request_restaurant': 1.0, 'prev_action_listen': 1.0}]
There is a memorised next action '14'
There is an active form 'restaurant_form'
Predicted next action using policy_3_FormPolicy
Predicted next action 'restaurant_form' with prob 1.00.
Calling action endpoint to run action 'restaurant_form'.
Action 'restaurant_form' ended with events '['SlotSet(key: cuisine, value: chinese)', 'SlotSet(key: requested_slot, value: num_people)']'
Bot utterance 'BotUttered(text: how many people?, data: {
  "elements": null,
  "buttons": null,
  "attachment": null
})'
Current tracker state [None, {}, {'prev_action_listen': 1.0, 'intent_greet': 1.0}, {'prev_utter_greet': 1.0, 'intent_greet': 1.0}, {'intent_request_restaurant': 1.0, 'prev_action_listen': 1.0}]
There is a memorised next action '14'
There is an active form 'restaurant_form'
Predicted next action using policy_3_FormPolicy
Predicted next action 'action_listen' with prob 1.00.
Action 'action_listen' ended with events '[]'
